Reading package lists...

added 2 packages in 2s
Downloading Chromium 130.0.6723.31 (playwright build v1140)[2m from https://playwright.azureedge.net/builds/chromium/1140/chromium-linux-arm64.zip[22m
|                                                                                |   0% of 169.4 MiB
|■■■■■■■■                                                                        |  10% of 169.4 MiB
|■■■■■■■■■■■■■■■■                                                                |  20% of 169.4 MiB
|■■■■■■■■■■■■■■■■■■■■■■■■                                                        |  30% of 169.4 MiB
|■■■■■■■■■■■■■■■■■■■■■■■■■■■■■■■■                                                |  40% of 169.4 MiB
|■■■■■■■■■■■■■■■■■■■■■■■■■■■■■■■■■■■■■■■■                                        |  50% of 169.4 MiB
|■■■■■■■■■■■■■■■■■■■■■■■■■■■■■■■■■■■■■■■■■■■■■■■■                                |  60% of 169.4 MiB
|■■■■■■■■■■■■■■■■■■■■■■■■■■■■■■■■■■■■■■■■■■■■■■■■■■■■■■■■                        |  70% of 169.4 MiB
|■■■■■■■■■■■■■■■■■■■■■■■■■■■■■■■■■■■■■■■■■■■■■■■■■■■■■■■■■■■■■■■■                |  80% of 169.4 MiB
|■■■■■■■■■■■■■■■■■■■■■■■■■■■■■■■■■■■■■■■■■■■■■■■■■■■■■■■■■■■■■■■■■■■■■■■■        |  90% of 169.4 MiB
|■■■■■■■■■■■■■■■■■■■■■■■■■■■■■■■■■■■■■■■■■■■■■■■■■■■■■■■■■■■■■■■■■■■■■■■■■■■■■■■■| 100% of 169.4 MiB
Chromium 130.0.6723.31 (playwright build v1140) downloaded to /home/vscode/.cache/ms-playwright/chromium-1140
Downloading FFMPEG playwright build v1010[2m from https://playwright.azureedge.net/builds/ffmpeg/1010/ffmpeg-linux-arm64.zip[22m
|                                                                                |   0% of 1.6 MiB
|■■■■■■■■                                                                        |  10% of 1.6 MiB
|■■■■■■■■■■■■■■■■                                                                |  20% of 1.6 MiB
|■■■■■■■■■■■■■■■■■■■■■■■■                                                        |  30% of 1.6 MiB
|■■■■■■■■■■■■■■■■■■■■■■■■■■■■■■■■                                                |  40% of 1.6 MiB
|■■■■■■■■■■■■■■■■■■■■■■■■■■■■■■■■■■■■■■■■                                        |  50% of 1.6 MiB
|■■■■■■■■■■■■■■■■■■■■■■■■■■■■■■■■■■■■■■■■■■■■■■■■                                |  60% of 1.6 MiB
|■■■■■■■■■■■■■■■■■■■■■■■■■■■■■■■■■■■■■■■■■■■■■■■■■■■■■■■■                        |  70% of 1.6 MiB
|■■■■■■■■■■■■■■■■■■■■■■■■■■■■■■■■■■■■■■■■■■■■■■■■■■■■■■■■■■■■■■■■                |  80% of 1.6 MiB
|■■■■■■■■■■■■■■■■■■■■■■■■■■■■■■■■■■■■■■■■■■■■■■■■■■■■■■■■■■■■■■■■■■■■■■■■        |  90% of 1.6 MiB
|■■■■■■■■■■■■■■■■■■■■■■■■■■■■■■■■■■■■■■■■■■■■■■■■■■■■■■■■■■■■■■■■■■■■■■■■■■■■■■■■| 100% of 1.6 MiB
FFMPEG playwright build v1010 downloaded to /home/vscode/.cache/ms-playwright/ffmpeg-1010
Downloading Firefox 131.0 (playwright build v1465)[2m from https://playwright.azureedge.net/builds/firefox/1465/firefox-ubuntu-22.04-arm64.zip[22m
|                                                                                |   0% of 82 MiB
|■■■■■■■■                                                                        |  10% of 82 MiB
|■■■■■■■■■■■■■■■■                                                                |  20% of 82 MiB
|■■■■■■■■■■■■■■■■■■■■■■■■                                                        |  30% of 82 MiB
|■■■■■■■■■■■■■■■■■■■■■■■■■■■■■■■■                                                |  40% of 82 MiB
|■■■■■■■■■■■■■■■■■■■■■■■■■■■■■■■■■■■■■■■■                                        |  50% of 82 MiB
|■■■■■■■■■■■■■■■■■■■■■■■■■■■■■■■■■■■■■■■■■■■■■■■■                                |  60% of 82 MiB
|■■■■■■■■■■■■■■■■■■■■■■■■■■■■■■■■■■■■■■■■■■■■■■■■■■■■■■■■                        |  70% of 82 MiB
|■■■■■■■■■■■■■■■■■■■■■■■■■■■■■■■■■■■■■■■■■■■■■■■■■■■■■■■■■■■■■■■■                |  80% of 82 MiB
|■■■■■■■■■■■■■■■■■■■■■■■■■■■■■■■■■■■■■■■■■■■■■■■■■■■■■■■■■■■■■■■■■■■■■■■■        |  90% of 82 MiB
|■■■■■■■■■■■■■■■■■■■■■■■■■■■■■■■■■■■■■■■■■■■■■■■■■■■■■■■■■■■■■■■■■■■■■■■■■■■■■■■■| 100% of 82 MiB
Firefox 131.0 (playwright build v1465) downloaded to /home/vscode/.cache/ms-playwright/firefox-1465
Downloading Webkit 18.0 (playwright build v2083)[2m from https://playwright.azureedge.net/builds/webkit/2083/webkit-ubuntu-22.04-arm64.zip[22m
|                                                                                |   0% of 83.7 MiB
|■■■■■■■■                                                                        |  10% of 83.7 MiB
|■■■■■■■■■■■■■■■■                                                                |  20% of 83.7 MiB
|■■■■■■■■■■■■■■■■■■■■■■■■                                                        |  30% of 83.7 MiB
|■■■■■■■■■■■■■■■■■■■■■■■■■■■■■■■■                                                |  40% of 83.7 MiB
|■■■■■■■■■■■■■■■■■■■■■■■■■■■■■■■■■■■■■■■■                                        |  50% of 83.7 MiB
|■■■■■■■■■■■■■■■■■■■■■■■■■■■■■■■■■■■■■■■■■■■■■■■■                                |  60% of 83.7 MiB
|■■■■■■■■■■■■■■■■■■■■■■■■■■■■■■■■■■■■■■■■■■■■■■■■■■■■■■■■                        |  70% of 83.7 MiB
|■■■■■■■■■■■■■■■■■■■■■■■■■■■■■■■■■■■■■■■■■■■■■■■■■■■■■■■■■■■■■■■■                |  80% of 83.7 MiB
|■■■■■■■■■■■■■■■■■■■■■■■■■■■■■■■■■■■■■■■■■■■■■■■■■■■■■■■■■■■■■■■■■■■■■■■■        |  90% of 83.7 MiB
|■■■■■■■■■■■■■■■■■■■■■■■■■■■■■■■■■■■■■■■■■■■■■■■■■■■■■■■■■■■■■■■■■■■■■■■■■■■■■■■■| 100% of 83.7 MiB
Webkit 18.0 (playwright build v2083) downloaded to /home/vscode/.cache/ms-playwright/webkit-2083
